<?xml version="1.0" encoding="UTF-8"?>
<!-- Generated by org.testng.reporters.JUnitReportReporter -->
<testsuite skipped="0" hostname="Piyush" name="testCases.TestCreateCustomerAPI" tests="1" failures="0" timestamp="19 Aug 2023 15:45:29 GMT" time="4.724" errors="0">
  <testcase name="validateCreateCustomerAPIWithValidData" time="4.724" classname="testCases.TestCreateCustomerAPI"/>
</testsuite> <!-- testCases.TestCreateCustomerAPI -->
